<?xml version="1.0" encoding="UTF-8"?>
<!-- Generated by org.testng.reporters.JUnitXMLReporter -->
<testsuite ignored="0" hostname="DESKTOP-A57KNHU" failures="1" tests="4" name="policybazaar.testcase" time="38.82" errors="0" timestamp="2026-04-14T11:06:55 IST">
  <testcase classname="policybazaar.testcase.TestCase" name="healthInsuranceAndSelf" time="14.56"/>
  <testcase classname="policybazaar.testcase.TestCase" name="selectAge" time="5.232"/>
  <testcase classname="policybazaar.testcase.TestCase" name="selectCity" time="0.845"/>
  <testcase classname="policybazaar.testcase.TestCase" name="selectFullName" time="0.0">
    <failure type="org.testng.TestNGException" message="
Method void policybazaar.testcase.TestCase.selectFullName(java.lang.String,java.lang.String) requires a @DataProvider named : fullbnameandmobile">
      <![CDATA[org.testng.TestNGException: 
Method void policybazaar.testcase.TestCase.selectFullName(java.lang.String,java.lang.String) requires a @DataProvider named : fullbnameandmobile
at java.base/java.util.ArrayList.forEach(ArrayList.java:1596)
... Removed 24 stack frames]]>
    </failure>
  </testcase> <!-- selectFullName -->
</testsuite> <!-- policybazaar.testcase -->
