<?xml version="1.0" encoding="UTF-8"?>
<testsuite xmlns:xsi="http://www.w3.org/2001/XMLSchema-instance" xsi:noNamespaceSchemaLocation="https://maven.apache.org/surefire/maven-surefire-plugin/xsd/surefire-test-report.xsd" version="3.0.2" name="TestSuite" time="25.853" tests="4" errors="0" skipped="0" failures="2" flakes="0">
  <properties>
[...]
</properties>
  <testcase name="healthInsuranceAndSelf" classname="policybazaar.testcase.TestCase" time="9.375">
    <system-err><![CDATA[Apr 14, 2026 11:35:52 AM org.openqa.selenium.devtools.CdpVersionFinder findNearestMatch
WARNING: Unable to find CDP implementation matching 147
Apr 14, 2026 11:35:52 AM org.openqa.selenium.chromium.ChromiumDriver lambda$new$4
WARNING: Unable to find version of CDP to use for 147.0.7727.56. You may need to include a dependency on a specific version of the CDP using something similar to `org.seleniumhq.selenium:selenium-devtools-v86:4.38.0` where the version ("v86") matches the version of the chromium-based browser you're using and the version number of the artifact is the same as Selenium's.
]]></system-err>
  </testcase>
  <testcase name="selectAge[23 yr](1)" classname="policybazaar.testcase.TestCase" time="4.011">
    <system-out><![CDATA[&amp#27;[35m26-04-14 11:36:02:864&amp#27;[m [&amp#27;[34mDEBUG&amp#27;[m] Parsing relationship: /xl/_rels/workbook.xml.rels
&amp#27;[35m26-04-14 11:36:02:875&amp#27;[m [&amp#27;[34mDEBUG&amp#27;[m] Parsing relationship: /_rels/.rels
&amp#27;[35m26-04-14 11:36:03:200&amp#27;[m [&amp#27;[30mTRACE&amp#27;[m] Loading type system org.apache.poi.schemas.ooxml.system.ooxml
&amp#27;[35m26-04-14 11:36:03:209&amp#27;[m [&amp#27;[30mTRACE&amp#27;[m] Loading type system org.apache.xmlbeans.metadata.system.sXMLCONFIG
&amp#27;[35m26-04-14 11:36:03:211&amp#27;[m [&amp#27;[30mTRACE&amp#27;[m] Loading type system org.apache.xmlbeans.metadata.system.sXMLLANG
&amp#27;[35m26-04-14 11:36:03:212&amp#27;[m [&amp#27;[30mTRACE&amp#27;[m] Loading type system org.apache.xmlbeans.metadata.system.sXMLSCHEMA
&amp#27;[35m26-04-14 11:36:03:213&amp#27;[m [&amp#27;[30mTRACE&amp#27;[m] Loading type system org.apache.xmlbeans.metadata.system.sXMLTOOLS
&amp#27;[35m26-04-14 11:36:03:219&amp#27;[m [&amp#27;[30mTRACE&amp#27;[m] Reading unresolved handles for type system org.apache.xmlbeans.metadata.system.sXMLTOOLS
&amp#27;[35m26-04-14 11:36:03:244&amp#27;[m [&amp#27;[30mTRACE&amp#27;[m] Finished loading type system org.apache.xmlbeans.metadata.system.sXMLTOOLS
&amp#27;[35m26-04-14 11:36:03:247&amp#27;[m [&amp#27;[30mTRACE&amp#27;[m] Reading unresolved handles for type system org.apache.xmlbeans.metadata.system.sXMLSCHEMA
&amp#27;[35m26-04-14 11:36:03:258&amp#27;[m [&amp#27;[30mTRACE&amp#27;[m] Finished loading type system org.apache.xmlbeans.metadata.system.sXMLSCHEMA
&amp#27;[35m26-04-14 11:36:03:260&amp#27;[m [&amp#27;[30mTRACE&amp#27;[m] Reading unresolved handles for type system org.apache.xmlbeans.metadata.system.sXMLLANG
&amp#27;[35m26-04-14 11:36:03:260&amp#27;[m [&amp#27;[30mTRACE&amp#27;[m] Finished loading type system org.apache.xmlbeans.metadata.system.sXMLLANG
&amp#27;[35m26-04-14 11:36:03:261&amp#27;[m [&amp#27;[30mTRACE&amp#27;[m] Reading unresolved handles for type system org.apache.xmlbeans.metadata.system.sXMLCONFIG
&amp#27;[35m26-04-14 11:36:03:263&amp#27;[m [&amp#27;[30mTRACE&amp#27;[m] Finished loading type system org.apache.xmlbeans.metadata.system.sXMLCONFIG
&amp#27;[35m26-04-14 11:36:03:267&amp#27;[m [&amp#27;[30mTRACE&amp#27;[m] Reading unresolved handles for type system org.apache.poi.schemas.ooxml.system.ooxml
&amp#27;[35m26-04-14 11:36:03:370&amp#27;[m [&amp#27;[30mTRACE&amp#27;[m] Finished loading type system org.apache.poi.schemas.ooxml.system.ooxml
&amp#27;[35m26-04-14 11:36:03:371&amp#27;[m [&amp#27;[30mTRACE&amp#27;[m] Resolving type for handle themefd26doctype
&amp#27;[35m26-04-14 11:36:03:458&amp#27;[m [&amp#27;[30mTRACE&amp#27;[m] Resolving type for handle stylesheet5d8bdoctype
&amp#27;[35m26-04-14 11:36:03:469&amp#27;[m [&amp#27;[30mTRACE&amp#27;[m] Resolving type for handle ctstylesheet4257type
&amp#27;[35m26-04-14 11:36:03:474&amp#27;[m [&amp#27;[30mTRACE&amp#27;[m] Resolving type for handle ctfonts6623type
&amp#27;[35m26-04-14 11:36:03:479&amp#27;[m [&amp#27;[30mTRACE&amp#27;[m] Resolving type for handle ctfont14d8type
&amp#27;[35m26-04-14 11:36:03:491&amp#27;[m [&amp#27;[30mTRACE&amp#27;[m] Resolving type for handle ctfills2c6ftype
&amp#27;[35m26-04-14 11:36:03:493&amp#27;[m [&amp#27;[30mTRACE&amp#27;[m] Resolving type for handle ctfill550ctype
&amp#27;[35m26-04-14 11:36:03:496&amp#27;[m [&amp#27;[30mTRACE&amp#27;[m] Resolving type for handle ctborders0d66type
&amp#27;[35m26-04-14 11:36:03:504&amp#27;[m [&amp#27;[30mTRACE&amp#27;[m] Resolving type for handle ctborderf935type
&amp#27;[35m26-04-14 11:36:03:509&amp#27;[m [&amp#27;[30mTRACE&amp#27;[m] Resolving type for handle ctcellxfs1322type
&amp#27;[35m26-04-14 11:36:03:513&amp#27;[m [&amp#27;[30mTRACE&amp#27;[m] Resolving type for handle ctxf97f7type
&amp#27;[35m26-04-14 11:36:03:520&amp#27;[m [&amp#27;[30mTRACE&amp#27;[m] Resolving type for handle ctcellstylexfsa81ftype
&amp#27;[35m26-04-14 11:36:03:522&amp#27;[m [&amp#27;[30mTRACE&amp#27;[m] Resolving type for handle ctdxfsb26atype
&amp#27;[35m26-04-14 11:36:03:524&amp#27;[m [&amp#27;[30mTRACE&amp#27;[m] Resolving type for handle cttablestyles872ftype
&amp#27;[35m26-04-14 11:36:03:530&amp#27;[m [&amp#27;[30mTRACE&amp#27;[m] Resolving type for handle sstf81fdoctype
&amp#27;[35m26-04-14 11:36:03:539&amp#27;[m [&amp#27;[30mTRACE&amp#27;[m] Resolving type for handle ctsst44f3type
&amp#27;[35m26-04-14 11:36:03:554&amp#27;[m [&amp#27;[30mTRACE&amp#27;[m] Resolving type for handle ctrsta472type
&amp#27;[35m26-04-14 11:36:03:577&amp#27;[m [&amp#27;[30mTRACE&amp#27;[m] Resolving type for handle workbookec17doctype
&amp#27;[35m26-04-14 11:36:03:584&amp#27;[m [&amp#27;[30mTRACE&amp#27;[m] Resolving type for handle ctworkbook83c3type
&amp#27;[35m26-04-14 11:36:03:606&amp#27;[m [&amp#27;[30mTRACE&amp#27;[m] Resolving type for handle ctsheets49fdtype
&amp#27;[35m26-04-14 11:36:03:611&amp#27;[m [&amp#27;[30mTRACE&amp#27;[m] Resolving type for handle ctsheet4dbetype
&amp#27;[35m26-04-14 11:36:03:622&amp#27;[m [&amp#27;[30mTRACE&amp#27;[m] Resolving type for handle strelationshipid1e94type
&amp#27;[35m26-04-14 11:36:03:625&amp#27;[m [&amp#27;[30mTRACE&amp#27;[m] Resolving type for handle worksheetf539doctype
&amp#27;[35m26-04-14 11:36:03:632&amp#27;[m [&amp#27;[30mTRACE&amp#27;[m] Resolving type for handle ctworksheet530dtype
&amp#27;[35m26-04-14 11:36:03:644&amp#27;[m [&amp#27;[30mTRACE&amp#27;[m] Resolving type for handle ctcols627ctype
&amp#27;[35m26-04-14 11:36:03:659&amp#27;[m [&amp#27;[30mTRACE&amp#27;[m] Resolving type for handle ctsheetdata8408type
&amp#27;[35m26-04-14 11:36:03:663&amp#27;[m [&amp#27;[30mTRACE&amp#27;[m] Resolving type for handle ctrowdd39type
&amp#27;[35m26-04-14 11:36:03:671&amp#27;[m [&amp#27;[30mTRACE&amp#27;[m] Resolving type for handle ctcell842btype
&amp#27;[35m26-04-14 11:36:03:678&amp#27;[m [&amp#27;[30mTRACE&amp#27;[m] Resolving type for handle stcellrefe4e0type
&amp#27;[35m26-04-14 11:36:03:690&amp#27;[m [&amp#27;[30mTRACE&amp#27;[m] Resolving type for handle stxstringf179type
&amp#27;[35m26-04-14 11:36:03:705&amp#27;[m [&amp#27;[34mDEBUG&amp#27;[m] Parsing relationship: /xl/_rels/workbook.xml.rels
&amp#27;[35m26-04-14 11:36:03:708&amp#27;[m [&amp#27;[34mDEBUG&amp#27;[m] Parsing relationship: /_rels/.rels
&amp#27;[35m26-04-14 11:36:03:749&amp#27;[m [&amp#27;[34mDEBUG&amp#27;[m] Parsing relationship: /xl/_rels/workbook.xml.rels
&amp#27;[35m26-04-14 11:36:03:750&amp#27;[m [&amp#27;[34mDEBUG&amp#27;[m] Parsing relationship: /_rels/.rels
&amp#27;[35m26-04-14 11:36:03:775&amp#27;[m [&amp#27;[30mTRACE&amp#27;[m] Resolving type for handle stcelltypebf95type
]]></system-out>
  </testcase>
  <testcase name="selectCity[Noida](1)" classname="policybazaar.testcase.TestCase" time="0.002">
    <failure message="no such element: Unable to locate element: {&quot;method&quot;:&quot;css selector&quot;,&quot;selector&quot;:&quot;#city&quot;}&#10;  (Session info: chrome=147.0.7727.56)&#10;For documentation on this error, please visit: https://www.selenium.dev/documentation/webdriver/troubleshooting/errors#nosuchelementexception&#10;Build info: version: &apos;4.38.0&apos;, revision: &apos;6b412e825c*&apos;&#10;System info: os.name: &apos;Windows 11&apos;, os.arch: &apos;amd64&apos;, os.version: &apos;10.0&apos;, java.version: &apos;25.0.1&apos;&#10;Driver info: org.openqa.selenium.chrome.ChromeDriver&#10;Command: [91806485195c90f270da030afeecdae3, findElement {using=id, value=city}]&#10;Capabilities {acceptInsecureCerts: false, browserName: chrome, browserVersion: 147.0.7727.56, chrome: {chromedriverVersion: 147.0.7727.56 (b28eac7a1a97..., userDataDir: C:\WINDOWS\SystemTemp\scope...}, fedcm:accounts: true, goog:chromeOptions: {debuggerAddress: localhost:57935}, goog:processID: 14572, networkConnectionEnabled: false, pageLoadStrategy: normal, platformName: windows, proxy: Proxy(), se:cdp: ws://localhost:57935/devtoo..., se:cdpVersion: 147.0.7727.56, setWindowRect: true, strictFileInteractability: false, timeouts: {implicit: 0, pageLoad: 300000, script: 30000}, unhandledPromptBehavior: dismiss and notify, webauthn:extension:credBlob: true, webauthn:extension:largeBlob: true, webauthn:extension:minPinLength: true, webauthn:extension:prf: true, webauthn:virtualAuthenticators: true}&#10;Session ID: 91806485195c90f270da030afeecdae3" type="org.openqa.selenium.NoSuchElementException"><![CDATA[org.openqa.selenium.NoSuchElementException: 
no such element: Unable to locate element: {"method":"css selector","selector":"#city"}
  (Session info: chrome=147.0.7727.56)
For documentation on this error, please visit: https://www.selenium.dev/documentation/webdriver/troubleshooting/errors#nosuchelementexception
Build info: version: '4.38.0', revision: '6b412e825c*'
System info: os.name: 'Windows 11', os.arch: 'amd64', os.version: '10.0', java.version: '25.0.1'
Driver info: org.openqa.selenium.chrome.ChromeDriver
Command: [91806485195c90f270da030afeecdae3, findElement {using=id, value=city}]
Capabilities {acceptInsecureCerts: false, browserName: chrome, browserVersion: 147.0.7727.56, chrome: {chromedriverVersion: 147.0.7727.56 (b28eac7a1a97..., userDataDir: C:\WINDOWS\SystemTemp\scope...}, fedcm:accounts: true, goog:chromeOptions: {debuggerAddress: localhost:57935}, goog:processID: 14572, networkConnectionEnabled: false, pageLoadStrategy: normal, platformName: windows, proxy: Proxy(), se:cdp: ws://localhost:57935/devtoo..., se:cdpVersion: 147.0.7727.56, setWindowRect: true, strictFileInteractability: false, timeouts: {implicit: 0, pageLoad: 300000, script: 30000}, unhandledPromptBehavior: dismiss and notify, webauthn:extension:credBlob: true, webauthn:extension:largeBlob: true, webauthn:extension:minPinLength: true, webauthn:extension:prf: true, webauthn:virtualAuthenticators: true}
Session ID: 91806485195c90f270da030afeecdae3
	at java.base/jdk.internal.reflect.DirectConstructorHandleAccessor.newInstance(DirectConstructorHandleAccessor.java:62)
	at java.base/java.lang.reflect.Constructor.newInstanceWithCaller(Constructor.java:499)
	at java.base/java.lang.reflect.Constructor.newInstance(Constructor.java:483)
	at org.openqa.selenium.remote.ErrorCodec.decode(ErrorCodec.java:167)
	at org.openqa.selenium.remote.codec.w3c.W3CHttpResponseCodec.decode(W3CHttpResponseCodec.java:138)
	at org.openqa.selenium.remote.codec.w3c.W3CHttpResponseCodec.decode(W3CHttpResponseCodec.java:50)
	at org.openqa.selenium.remote.HttpCommandExecutor.execute(HttpCommandExecutor.java:215)
	at org.openqa.selenium.remote.service.DriverCommandExecutor.invokeExecute(DriverCommandExecutor.java:216)
	at org.openqa.selenium.remote.service.DriverCommandExecutor.execute(DriverCommandExecutor.java:174)
	at org.openqa.selenium.remote.RemoteWebDriver.execute(RemoteWebDriver.java:557)
	at org.openqa.selenium.remote.ElementLocation$ElementFinder$2.findElement(ElementLocation.java:165)
	at org.openqa.selenium.remote.ElementLocation.findElement(ElementLocation.java:59)
	at org.openqa.selenium.remote.RemoteWebDriver.findElement(RemoteWebDriver.java:380)
	at org.openqa.selenium.remote.RemoteWebDriver.findElement(RemoteWebDriver.java:374)
	at org.openqa.selenium.support.pagefactory.DefaultElementLocator.findElement(DefaultElementLocator.java:68)
	at org.openqa.selenium.support.pagefactory.internal.LocatingElementHandler.invoke(LocatingElementHandler.java:38)
	at jdk.proxy2/jdk.proxy2.$Proxy11.sendKeys(Unknown Source)
	at policybazaar.pageobject.SelectCity.getCity(SelectCity.java:25)
	at policybazaar.testcase.TestCase.selectCity(TestCase.java:38)
	at java.base/jdk.internal.reflect.DirectMethodHandleAccessor.invoke(DirectMethodHandleAccessor.java:104)
	at java.base/java.lang.reflect.Method.invoke(Method.java:565)
	at org.testng.internal.MethodInvocationHelper.invokeMethod(MethodInvocationHelper.java:134)
	at org.testng.internal.TestInvoker.invokeMethod(TestInvoker.java:597)
	at org.testng.internal.TestInvoker.invokeTestMethod(TestInvoker.java:173)
	at org.testng.internal.MethodRunner.runInSequence(MethodRunner.java:46)
	at org.testng.internal.TestInvoker$MethodInvocationAgent.invoke(TestInvoker.java:816)
	at org.testng.internal.TestInvoker.invokeTestMethods(TestInvoker.java:146)
	at org.testng.internal.TestMethodWorker.invokeTestMethods(TestMethodWorker.java:146)
	at org.testng.internal.TestMethodWorker.run(TestMethodWorker.java:128)
	at java.base/java.util.ArrayList.forEach(ArrayList.java:1604)
	at org.testng.TestRunner.privateRun(TestRunner.java:766)
	at org.testng.TestRunner.run(TestRunner.java:587)
	at org.testng.SuiteRunner.runTest(SuiteRunner.java:384)
	at org.testng.SuiteRunner.runSequentially(SuiteRunner.java:378)
	at org.testng.SuiteRunner.privateRun(SuiteRunner.java:337)
	at org.testng.SuiteRunner.run(SuiteRunner.java:286)
	at org.testng.SuiteRunnerWorker.runSuite(SuiteRunnerWorker.java:53)
	at org.testng.SuiteRunnerWorker.run(SuiteRunnerWorker.java:96)
	at org.testng.TestNG.runSuitesSequentially(TestNG.java:1187)
	at org.testng.TestNG.runSuitesLocally(TestNG.java:1109)
	at org.testng.TestNG.runSuites(TestNG.java:1039)
	at org.testng.TestNG.run(TestNG.java:1007)
	at org.apache.maven.surefire.testng.TestNGExecutor.run(TestNGExecutor.java:308)
	at org.apache.maven.surefire.testng.TestNGXmlTestSuite.execute(TestNGXmlTestSuite.java:71)
	at org.apache.maven.surefire.testng.TestNGProvider.invoke(TestNGProvider.java:113)
	at org.apache.maven.surefire.booter.ForkedBooter.runSuitesInProcess(ForkedBooter.java:385)
	at org.apache.maven.surefire.booter.ForkedBooter.execute(ForkedBooter.java:162)
	at org.apache.maven.surefire.booter.ForkedBooter.run(ForkedBooter.java:507)
	at org.apache.maven.surefire.booter.ForkedBooter.main(ForkedBooter.java:495)
]]></failure>
    <system-out><![CDATA[&amp#27;[35m26-04-14 11:36:07:813&amp#27;[m [&amp#27;[34mDEBUG&amp#27;[m] Parsing relationship: /xl/_rels/workbook.xml.rels
&amp#27;[35m26-04-14 11:36:07:815&amp#27;[m [&amp#27;[34mDEBUG&amp#27;[m] Parsing relationship: /_rels/.rels
&amp#27;[35m26-04-14 11:36:07:845&amp#27;[m [&amp#27;[34mDEBUG&amp#27;[m] Parsing relationship: /xl/_rels/workbook.xml.rels
&amp#27;[35m26-04-14 11:36:07:848&amp#27;[m [&amp#27;[34mDEBUG&amp#27;[m] Parsing relationship: /_rels/.rels
&amp#27;[35m26-04-14 11:36:07:875&amp#27;[m [&amp#27;[34mDEBUG&amp#27;[m] Parsing relationship: /xl/_rels/workbook.xml.rels
&amp#27;[35m26-04-14 11:36:07:878&amp#27;[m [&amp#27;[34mDEBUG&amp#27;[m] Parsing relationship: /_rels/.rels
]]></system-out>
  </testcase>
  <testcase name="selectFullName" classname="policybazaar.testcase.TestCase" time="0.037">
    <failure message="&#10;Method void policybazaar.testcase.TestCase.selectFullName(java.lang.String,java.lang.String) requires a @DataProvider named : fullbnameandmobile" type="org.testng.TestNGException"><![CDATA[org.testng.TestNGException: 

Method void policybazaar.testcase.TestCase.selectFullName(java.lang.String,java.lang.String) requires a @DataProvider named : fullbnameandmobile
	at org.testng.internal.Parameters.findDataProvider(Parameters.java:563)
	at org.testng.internal.Parameters.handleParameters(Parameters.java:776)
	at org.testng.internal.Parameters.handleParameters(Parameters.java:744)
	at org.testng.internal.ParameterHandler.handleParameters(ParameterHandler.java:59)
	at org.testng.internal.ParameterHandler.createParameters(ParameterHandler.java:38)
	at org.testng.internal.TestInvoker$MethodInvocationAgent.invoke(TestInvoker.java:783)
	at org.testng.internal.TestInvoker.invokeTestMethods(TestInvoker.java:146)
	at org.testng.internal.TestMethodWorker.invokeTestMethods(TestMethodWorker.java:146)
	at org.testng.internal.TestMethodWorker.run(TestMethodWorker.java:128)
	at java.base/java.util.ArrayList.forEach(ArrayList.java:1604)
	at org.testng.TestRunner.privateRun(TestRunner.java:766)
	at org.testng.TestRunner.run(TestRunner.java:587)
	at org.testng.SuiteRunner.runTest(SuiteRunner.java:384)
	at org.testng.SuiteRunner.runSequentially(SuiteRunner.java:378)
	at org.testng.SuiteRunner.privateRun(SuiteRunner.java:337)
	at org.testng.SuiteRunner.run(SuiteRunner.java:286)
	at org.testng.SuiteRunnerWorker.runSuite(SuiteRunnerWorker.java:53)
	at org.testng.SuiteRunnerWorker.run(SuiteRunnerWorker.java:96)
	at org.testng.TestNG.runSuitesSequentially(TestNG.java:1187)
	at org.testng.TestNG.runSuitesLocally(TestNG.java:1109)
	at org.testng.TestNG.runSuites(TestNG.java:1039)
	at org.testng.TestNG.run(TestNG.java:1007)
	at org.apache.maven.surefire.testng.TestNGExecutor.run(TestNGExecutor.java:308)
	at org.apache.maven.surefire.testng.TestNGXmlTestSuite.execute(TestNGXmlTestSuite.java:71)
	at org.apache.maven.surefire.testng.TestNGProvider.invoke(TestNGProvider.java:113)
	at org.apache.maven.surefire.booter.ForkedBooter.runSuitesInProcess(ForkedBooter.java:385)
	at org.apache.maven.surefire.booter.ForkedBooter.execute(ForkedBooter.java:162)
	at org.apache.maven.surefire.booter.ForkedBooter.run(ForkedBooter.java:507)
	at org.apache.maven.surefire.booter.ForkedBooter.main(ForkedBooter.java:495)
]]></failure>
    <system-err><![CDATA[[Utils] [ERROR] [Error] org.testng.TestNGException: 
Method void policybazaar.testcase.TestCase.selectFullName(java.lang.String,java.lang.String) requires a @DataProvider named : fullbnameandmobile
	at org.testng.internal.Parameters.findDataProvider(Parameters.java:563)
	at org.testng.internal.Parameters.handleParameters(Parameters.java:776)
	at org.testng.internal.Parameters.handleParameters(Parameters.java:744)
	at org.testng.internal.ParameterHandler.handleParameters(ParameterHandler.java:59)
	at org.testng.internal.ParameterHandler.createParameters(ParameterHandler.java:38)
	at org.testng.internal.TestInvoker$MethodInvocationAgent.invoke(TestInvoker.java:783)
	at org.testng.internal.TestInvoker.invokeTestMethods(TestInvoker.java:146)
	at org.testng.internal.TestMethodWorker.invokeTestMethods(TestMethodWorker.java:146)
	at org.testng.internal.TestMethodWorker.run(TestMethodWorker.java:128)
	at java.base/java.util.ArrayList.forEach(ArrayList.java:1604)
	at org.testng.TestRunner.privateRun(TestRunner.java:766)
	at org.testng.TestRunner.run(TestRunner.java:587)
	at org.testng.SuiteRunner.runTest(SuiteRunner.java:384)
	at org.testng.SuiteRunner.runSequentially(SuiteRunner.java:378)
	at org.testng.SuiteRunner.privateRun(SuiteRunner.java:337)
	at org.testng.SuiteRunner.run(SuiteRunner.java:286)
	at org.testng.SuiteRunnerWorker.runSuite(SuiteRunnerWorker.java:53)
	at org.testng.SuiteRunnerWorker.run(SuiteRunnerWorker.java:96)
	at org.testng.TestNG.runSuitesSequentially(TestNG.java:1187)
	at org.testng.TestNG.runSuitesLocally(TestNG.java:1109)
	at org.testng.TestNG.runSuites(TestNG.java:1039)
	at org.testng.TestNG.run(TestNG.java:1007)
	at org.apache.maven.surefire.testng.TestNGExecutor.run(TestNGExecutor.java:308)
	at org.apache.maven.surefire.testng.TestNGXmlTestSuite.execute(TestNGXmlTestSuite.java:71)
	at org.apache.maven.surefire.testng.TestNGProvider.invoke(TestNGProvider.java:113)
	at org.apache.maven.surefire.booter.ForkedBooter.runSuitesInProcess(ForkedBooter.java:385)
	at org.apache.maven.surefire.booter.ForkedBooter.execute(ForkedBooter.java:162)
	at org.apache.maven.surefire.booter.ForkedBooter.run(ForkedBooter.java:507)
	at org.apache.maven.surefire.booter.ForkedBooter.main(ForkedBooter.java:495)

]]></system-err>
  </testcase>
</testsuite>