<?xml version="1.0" encoding="UTF-8"?>
<testng-results ignored="0" total="4" passed="3" failed="1" skipped="0">
  <reporter-output>
  </reporter-output>
  <suite started-at="2026-04-14T11:06:16 IST" name="policybazaar" finished-at="2026-04-14T11:06:55 IST" duration-ms="38820">
    <groups>
    </groups>
    <test started-at="2026-04-14T11:06:16 IST" name="policybazaar.testcase" finished-at="2026-04-14T11:06:55 IST" duration-ms="38820">
      <class name="policybazaar.testcase.TestCase">
        <test-method is-config="true" signature="setUp()[pri:0, instance:policybazaar.testcase.TestCase@dbf57b3]" started-at="2026-04-14T11:06:17 IST" name="setUp" finished-at="2026-04-14T11:06:24 IST" duration-ms="6430" status="PASS">
          <reporter-output>
          </reporter-output>
        </test-method> <!-- setUp -->
        <test-method signature="healthInsuranceAndSelf()[pri:0, instance:policybazaar.testcase.TestCase@dbf57b3]" started-at="2026-04-14T11:06:24 IST" name="healthInsuranceAndSelf" finished-at="2026-04-14T11:06:38 IST" duration-ms="14560" status="PASS">
          <reporter-output>
          </reporter-output>
        </test-method> <!-- healthInsuranceAndSelf -->
        <test-method signature="selectAge(java.lang.String)[pri:1, instance:policybazaar.testcase.TestCase@dbf57b3]" started-at="2026-04-14T11:06:46 IST" name="selectAge" data-provider="DataPro" finished-at="2026-04-14T11:06:52 IST" duration-ms="5232" status="PASS">
          <params>
            <param index="0">
              <value>
                <![CDATA[23 yr]]>
              </value>
            </param>
          </params>
          <reporter-output>
          </reporter-output>
        </test-method> <!-- selectAge -->
        <test-method signature="selectCity(java.lang.String)[pri:2, instance:policybazaar.testcase.TestCase@dbf57b3]" started-at="2026-04-14T11:06:52 IST" name="selectCity" data-provider="CityDataPro" finished-at="2026-04-14T11:06:52 IST" duration-ms="845" status="PASS">
          <params>
            <param index="0">
              <value>
                <![CDATA[Noida]]>
              </value>
            </param>
          </params>
          <reporter-output>
          </reporter-output>
        </test-method> <!-- selectCity -->
        <test-method signature="selectFullName(java.lang.String, java.lang.String)[pri:3, instance:policybazaar.testcase.TestCase@dbf57b3]" started-at="2026-04-14T11:06:53 IST" name="selectFullName" data-provider="fullbnameandmobile" finished-at="2026-04-14T11:06:53 IST" duration-ms="0" status="FAIL">
          <exception class="org.testng.TestNGException">
            <message>
              <![CDATA[
Method void policybazaar.testcase.TestCase.selectFullName(java.lang.String,java.lang.String) requires a @DataProvider named : fullbnameandmobile]]>
            </message>
            <full-stacktrace>
              <![CDATA[org.testng.TestNGException: 
Method void policybazaar.testcase.TestCase.selectFullName(java.lang.String,java.lang.String) requires a @DataProvider named : fullbnameandmobile
at org.testng.internal.Parameters.findDataProvider(Parameters.java:563)
at org.testng.internal.Parameters.handleParameters(Parameters.java:776)
at org.testng.internal.Parameters.handleParameters(Parameters.java:744)
at org.testng.internal.ParameterHandler.handleParameters(ParameterHandler.java:59)
at org.testng.internal.ParameterHandler.createParameters(ParameterHandler.java:38)
at org.testng.internal.TestInvoker$MethodInvocationAgent.invoke(TestInvoker.java:783)
at org.testng.internal.TestInvoker.invokeTestMethods(TestInvoker.java:146)
at org.testng.internal.TestMethodWorker.invokeTestMethods(TestMethodWorker.java:146)
at org.testng.internal.TestMethodWorker.run(TestMethodWorker.java:128)
at java.base/java.util.ArrayList.forEach(ArrayList.java:1596)
at org.testng.TestRunner.privateRun(TestRunner.java:766)
at org.testng.TestRunner.run(TestRunner.java:587)
at org.testng.SuiteRunner.runTest(SuiteRunner.java:384)
at org.testng.SuiteRunner.runSequentially(SuiteRunner.java:378)
at org.testng.SuiteRunner.privateRun(SuiteRunner.java:337)
at org.testng.SuiteRunner.run(SuiteRunner.java:286)
at org.testng.SuiteRunnerWorker.runSuite(SuiteRunnerWorker.java:53)
at org.testng.SuiteRunnerWorker.run(SuiteRunnerWorker.java:96)
at org.testng.TestNG.runSuitesSequentially(TestNG.java:1187)
at org.testng.TestNG.runSuitesLocally(TestNG.java:1109)
at org.testng.TestNG.runSuites(TestNG.java:1039)
at org.testng.TestNG.run(TestNG.java:1007)
at org.testng.remote.AbstractRemoteTestNG.run(AbstractRemoteTestNG.java:115)
at org.testng.remote.RemoteTestNG.initAndRun(RemoteTestNG.java:293)
at org.testng.remote.RemoteTestNG.main(RemoteTestNG.java:91)
]]>
            </full-stacktrace>
          </exception> <!-- org.testng.TestNGException -->
          <reporter-output>
          </reporter-output>
        </test-method> <!-- selectFullName -->
      </class> <!-- policybazaar.testcase.TestCase -->
    </test> <!-- policybazaar.testcase -->
  </suite> <!-- policybazaar -->
</testng-results>
